[debug] [2025-04-08T08:12:23.707Z] ----------------------------------------------------------------------
[debug] [2025-04-08T08:12:23.711Z] Command:       C:\Program Files\nodejs\node.exe C:\Users\Diak\node_modules\firebase-tools\lib\bin\firebase.js emulators:start --only functions
[debug] [2025-04-08T08:12:23.712Z] CLI Version:   13.30.0
[debug] [2025-04-08T08:12:23.712Z] Platform:      win32
[debug] [2025-04-08T08:12:23.712Z] Node Version:  v20.17.0
[debug] [2025-04-08T08:12:23.713Z] Time:          Tue Apr 08 2025 10:12:23 GMT+0200 (közép-európai nyári idő)
[debug] [2025-04-08T08:12:23.713Z] ----------------------------------------------------------------------
[debug] 
[debug] [2025-04-08T08:12:24.046Z] > command requires scopes: ["email","openid","https://www.googleapis.com/auth/cloudplatformprojects.readonly","https://www.googleapis.com/auth/firebase","https://www.googleapis.com/auth/cloud-platform"]
[debug] [2025-04-08T08:12:24.047Z] > authorizing via signed-in user (janka.havel@gmail.com)
[info] i  emulators: Starting emulators: functions {"metadata":{"emulator":{"name":"hub"},"message":"Starting emulators: functions"}}
[warn] !  hub: emulator hub unable to start on port 4400, starting on 4401 instead. {"metadata":{"emulator":{"name":"hub"},"message":"emulator hub unable to start on port 4400, starting on 4401 instead."}}
[warn] !  ui: Emulator UI unable to start on port 4000, starting on 4001 instead. {"metadata":{"emulator":{"name":"ui"},"message":"Emulator UI unable to start on port 4000, starting on 4001 instead."}}
[warn] !  logging: Logging Emulator unable to start on port 4500, starting on 4501 instead. {"metadata":{"emulator":{"name":"logging"},"message":"Logging Emulator unable to start on port 4500, starting on 4501 instead."}}
[debug] [2025-04-08T08:12:24.062Z] [logging] Logging Emulator only supports listening on one address (127.0.0.1). Not listening on ::1
[debug] [2025-04-08T08:12:24.062Z] assigned listening specs for emulators {"user":{"hub":[{"address":"127.0.0.1","family":"IPv4","port":4401},{"address":"::1","family":"IPv6","port":4401}],"ui":[{"address":"127.0.0.1","family":"IPv4","port":4001},{"address":"::1","family":"IPv6","port":4001}],"logging":[{"address":"127.0.0.1","family":"IPv4","port":4501}]},"metadata":{"message":"assigned listening specs for emulators"}}
[debug] [2025-04-08T08:12:24.068Z] [hub] writing locator at C:\Users\Diak\AppData\Local\Temp\hub-vizsga-55ea5.json
[warn] !  functions: Port 5001 is not open on localhost (127.0.0.1), could not start Functions Emulator. {"metadata":{"emulator":{"name":"functions"},"message":"Port 5001 is not open on localhost (127.0.0.1), could not start Functions Emulator."}}
[warn] !  functions: To select a different host/port, specify that host/port in a firebase.json config file:
      {
        // ...
        "emulators": {
          "functions": {
            "host": "HOST",
            "port": "PORT"
          }
        }
      } {"metadata":{"emulator":{"name":"functions"},"message":"To select a different host/port, specify that host/port in a firebase.json config file:\n      {\n        // ...\n        \"emulators\": {\n          \"functions\": {\n            \"host\": \"\u001b[33mHOST\u001b[39m\",\n            \"port\": \"\u001b[33mPORT\u001b[39m\"\n          }\n        }\n      }"}}
[warn] !  eventarc: Eventarc Emulator unable to start on port 9299, starting on 9300 instead. {"metadata":{"emulator":{"name":"eventarc"},"message":"Eventarc Emulator unable to start on port 9299, starting on 9300 instead."}}
[debug] [2025-04-08T08:12:24.107Z] [eventarc] Eventarc Emulator only supports listening on one address (127.0.0.1). Not listening on ::1
[warn] !  tasks: Cloud Tasks Emulator unable to start on port 9499, starting on 9500 instead. {"metadata":{"emulator":{"name":"tasks"},"message":"Cloud Tasks Emulator unable to start on port 9499, starting on 9500 instead."}}
[debug] [2025-04-08T08:12:24.108Z] [tasks] Cloud Tasks Emulator only supports listening on one address (127.0.0.1). Not listening on ::1
[debug] [2025-04-08T08:12:24.123Z] Could not find VSCode notification endpoint: FetchError: request to http://localhost:40001/vscode/notify failed, reason: . If you are not running the Firebase Data Connect VSCode extension, this is expected and not an issue.
[info] i  emulators: Shutting down emulators. {"metadata":{"emulator":{"name":"hub"},"message":"Shutting down emulators."}}
[info] i  hub: Stopping emulator hub {"metadata":{"emulator":{"name":"hub"},"message":"Stopping emulator hub"}}
[debug] [2025-04-08T08:12:24.130Z] Could not find VSCode notification endpoint: FetchError: request to http://localhost:40001/vscode/notify failed, reason: . If you are not running the Firebase Data Connect VSCode extension, this is expected and not an issue.
[error] 
[error] Error: Could not start Functions Emulator, port taken.
[debug] [2025-04-08T08:12:24.465Z] Error: EBUSY: resource busy or locked, unlink 'C:\Users\Diak\Downloads\vizsga11-master\vizsga11-master\functions\firebase-debug.1.log'
    at Object.unlinkSync (node:fs:1884:11)
    at process.<anonymous> (C:\Users\Diak\node_modules\firebase-tools\lib\bin\firebase.js:82:12)
    at process.emit (node:events:531:35)
    at process.exit (node:internal/process/per_thread:185:15)
    at Timeout._onTimeout (C:\Users\Diak\node_modules\firebase-tools\lib\errorOut.js:20:17)
    at listOnTimeout (node:internal/timers:581:17)
    at process.processTimers (node:internal/timers:519:7)
[error] 
[error] Error: An unexpected error has occurred.
